# JRE version: Java(TM) SE Runtime Environment (8.0_291-b10) (build 1.8.0_291-b10)
# Java VM: Java HotSpot(TM) 64-Bit Server VM (25.291-b10 mixed mode windows-amd64 compressed oops)
Heap:
 PSYoungGen      total 152576K, used 91281K [0x00000000f5580000, 0x0000000100000000, 0x0000000100000000)
  eden space 130560K, 53% used [0x00000000f5580000,0x00000000f99292d0,0x00000000fd500000)
  from space 22016K, 99% used [0x00000000fd500000,0x00000000fea7b378,0x00000000fea80000)
  to   space 22016K, 0% used [0x00000000fea80000,0x00000000fea80000,0x0000000100000000)
 ParOldGen       total 339968K, used 211314K [0x00000000e0000000, 0x00000000f4c00000, 0x00000000f5580000)
  object space 339968K, 62% used [0x00000000e0000000,0x00000000ece5c978,0x00000000f4c00000)
 Metaspace       used 105254K, capacity 110534K, committed 111296K, reserved 1144832K
  class space    used 13801K, capacity 14801K, committed 15080K, reserved 1048576K
GC Heap History (10 events):
Event: 97.135 GC heap before
{Heap before GC invocations=101 (full 6):
 PSYoungGen      total 152576K, used 140768K [0x00000000f5580000, 0x00000000ffe00000, 0x0000000100000000)
  eden space 132096K, 100% used [0x00000000f5580000,0x00000000fd680000,0x00000000fd680000)
  from space 20480K, 42% used [0x00000000fea00000,0x00000000ff278018,0x00000000ffe00000)
  to   space 19968K, 0% used [0x00000000fd680000,0x00000000fd680000,0x00000000fea00000)
 ParOldGen       total 339968K, used 200668K [0x00000000e0000000, 0x00000000f4c00000, 0x00000000f5580000)
  object space 339968K, 59% used [0x00000000e0000000,0x00000000ec3f72d0,0x00000000f4c00000)
 Metaspace       used 104297K, capacity 109410K, committed 110400K, reserved 1144832K
  class space    used 13698K, capacity 14643K, committed 14952K, reserved 1048576K
Event: 97.145 GC heap after
Heap after GC invocations=101 (full 6):
 PSYoungGen      total 152064K, used 10592K [0x00000000f5580000, 0x0000000100000000, 0x0000000100000000)
  eden space 132096K, 0% used [0x00000000f5580000,0x00000000f5580000,0x00000000fd680000)
  from space 19968K, 53% used [0x00000000fd680000,0x00000000fe0d8000,0x00000000fea00000)
  to   space 20480K, 0% used [0x00000000fec00000,0x00000000fec00000,0x0000000100000000)
 ParOldGen       total 339968K, used 200668K [0x00000000e0000000, 0x00000000f4c00000, 0x00000000f5580000)
  object space 339968K, 59% used [0x00000000e0000000,0x00000000ec3f72d0,0x00000000f4c00000)
 Metaspace       used 104297K, capacity 109410K, committed 110400K, reserved 1144832K
  class space    used 13698K, capacity 14643K, committed 14952K, reserved 1048576K
}
Event: 97.523 GC heap before
{Heap before GC invocations=102 (full 6):
 PSYoungGen      total 152064K, used 142688K [0x00000000f5580000, 0x0000000100000000, 0x0000000100000000)
  eden space 132096K, 100% used [0x00000000f5580000,0x00000000fd680000,0x00000000fd680000)
  from space 19968K, 53% used [0x00000000fd680000,0x00000000fe0d8000,0x00000000fea00000)
  to   space 20480K, 0% used [0x00000000fec00000,0x00000000fec00000,0x0000000100000000)
 ParOldGen       total 339968K, used 200668K [0x00000000e0000000, 0x00000000f4c00000, 0x00000000f5580000)
  object space 339968K, 59% used [0x00000000e0000000,0x00000000ec3f72d0,0x00000000f4c00000)
 Metaspace       used 104297K, capacity 109410K, committed 110400K, reserved 1144832K
  class space    used 13698K, capacity 14643K, committed 14952K, reserved 1048576K
Event: 97.532 GC heap after
Heap after GC invocations=102 (full 6):
 PSYoungGen      total 154112K, used 11296K [0x00000000f5580000, 0x0000000100000000, 0x0000000100000000)
  eden space 133632K, 0% used [0x00000000f5580000,0x00000000f5580000,0x00000000fd800000)
  from space 20480K, 55% used [0x00000000fec00000,0x00000000ff708030,0x0000000100000000)
  to   space 20480K, 0% used [0x00000000fd800000,0x00000000fd800000,0x00000000fec00000)
 ParOldGen       total 339968K, used 200668K [0x00000000e0000000, 0x00000000f4c00000, 0x00000000f5580000)
  object space 339968K, 59% used [0x00000000e0000000,0x00000000ec3f72d0,0x00000000f4c00000)
 Metaspace       used 104297K, capacity 109410K, committed 110400K, reserved 1144832K
  class space    used 13698K, capacity 14643K, committed 14952K, reserved 1048576K
}
Event: 97.884 GC heap before
{Heap before GC invocations=103 (full 6):
 PSYoungGen      total 154112K, used 144928K [0x00000000f5580000, 0x0000000100000000, 0x0000000100000000)
  eden space 133632K, 100% used [0x00000000f5580000,0x00000000fd800000,0x00000000fd800000)
  from space 20480K, 55% used [0x00000000fec00000,0x00000000ff708030,0x0000000100000000)
  to   space 20480K, 0% used [0x00000000fd800000,0x00000000fd800000,0x00000000fec00000)
 ParOldGen       total 339968K, used 200668K [0x00000000e0000000, 0x00000000f4c00000, 0x00000000f5580000)
  object space 339968K, 59% used [0x00000000e0000000,0x00000000ec3f72d0,0x00000000f4c00000)
 Metaspace       used 104297K, capacity 109410K, committed 110400K, reserved 1144832K
  class space    used 13698K, capacity 14643K, committed 14952K, reserved 1048576K
Event: 97.892 GC heap after
Heap after GC invocations=103 (full 6):
 PSYoungGen      total 145920K, used 11856K [0x00000000f5580000, 0x0000000100000000, 0x0000000100000000)
  eden space 133632K, 0% used [0x00000000f5580000,0x00000000f5580000,0x00000000fd800000)
  from space 12288K, 96% used [0x00000000fd800000,0x00000000fe394018,0x00000000fe400000)
  to   space 20992K, 0% used [0x00000000feb80000,0x00000000feb80000,0x0000000100000000)
 ParOldGen       total 339968K, used 200668K [0x00000000e0000000, 0x00000000f4c00000, 0x00000000f5580000)
  object space 339968K, 59% used [0x00000000e0000000,0x00000000ec3f72d0,0x00000000f4c00000)
 Metaspace       used 104297K, capacity 109410K, committed 110400K, reserved 1144832K
  class space    used 13698K, capacity 14643K, committed 14952K, reserved 1048576K
}
Event: 98.282 GC heap before
{Heap before GC invocations=104 (full 6):
 PSYoungGen      total 145920K, used 145488K [0x00000000f5580000, 0x0000000100000000, 0x0000000100000000)
  eden space 133632K, 100% used [0x00000000f5580000,0x00000000fd800000,0x00000000fd800000)
  from space 12288K, 96% used [0x00000000fd800000,0x00000000fe394018,0x00000000fe400000)
  to   space 20992K, 0% used [0x00000000feb80000,0x00000000feb80000,0x0000000100000000)
 ParOldGen       total 339968K, used 200668K [0x00000000e0000000, 0x00000000f4c00000, 0x00000000f5580000)
  object space 339968K, 59% used [0x00000000e0000000,0x00000000ec3f72d0,0x00000000f4c00000)
 Metaspace       used 104298K, capacity 109410K, committed 110400K, reserved 1144832K
  class space    used 13698K, capacity 14643K, committed 14952K, reserved 1048576K
Event: 98.293 GC heap after
Heap after GC invocations=104 (full 6):
 PSYoungGen      total 151552K, used 13744K [0x00000000f5580000, 0x0000000100000000, 0x0000000100000000)
  eden space 130560K, 0% used [0x00000000f5580000,0x00000000f5580000,0x00000000fd500000)
  from space 20992K, 65% used [0x00000000feb80000,0x00000000ff8ec018,0x0000000100000000)
  to   space 22016K, 0% used [0x00000000fd500000,0x00000000fd500000,0x00000000fea80000)
 ParOldGen       total 339968K, used 200668K [0x00000000e0000000, 0x00000000f4c00000, 0x00000000f5580000)
  object space 339968K, 59% used [0x00000000e0000000,0x00000000ec3f72d0,0x00000000f4c00000)
 Metaspace       used 104298K, capacity 109410K, committed 110400K, reserved 1144832K
  class space    used 13698K, capacity 14643K, committed 14952K, reserved 1048576K
}
Event: 98.899 GC heap before
{Heap before GC invocations=105 (full 6):
 PSYoungGen      total 151552K, used 144304K [0x00000000f5580000, 0x0000000100000000, 0x0000000100000000)
  eden space 130560K, 100% used [0x00000000f5580000,0x00000000fd500000,0x00000000fd500000)
  from space 20992K, 65% used [0x00000000feb80000,0x00000000ff8ec018,0x0000000100000000)
  to   space 22016K, 0% used [0x00000000fd500000,0x00000000fd500000,0x00000000fea80000)
 ParOldGen       total 339968K, used 200668K [0x00000000e0000000, 0x00000000f4c00000, 0x00000000f5580000)
  object space 339968K, 59% used [0x00000000e0000000,0x00000000ec3f72d0,0x00000000f4c00000)
 Metaspace       used 104925K, capacity 110184K, committed 111040K, reserved 1144832K
  class space    used 13765K, capacity 14764K, committed 15080K, reserved 1048576K
Event: 98.912 GC heap after
Heap after GC invocations=105 (full 6):
 PSYoungGen      total 152576K, used 21996K [0x00000000f5580000, 0x0000000100000000, 0x0000000100000000)
  eden space 130560K, 0% used [0x00000000f5580000,0x00000000f5580000,0x00000000fd500000)
  from space 22016K, 99% used [0x00000000fd500000,0x00000000fea7b378,0x00000000fea80000)
  to   space 22016K, 0% used [0x00000000fea80000,0x00000000fea80000,0x0000000100000000)
 ParOldGen       total 339968K, used 211314K [0x00000000e0000000, 0x00000000f4c00000, 0x00000000f5580000)
  object space 339968K, 62% used [0x00000000e0000000,0x00000000ece5c978,0x00000000f4c00000)
 Metaspace       used 104925K, capacity 110184K, committed 111040K, reserved 1144832K
  class space    used 13765K, capacity 14764K, committed 15080K, reserved 1048576K
}

